<?xml version="1.0" encoding="UTF-8"?>
<!-- Generated by org.testng.reporters.JUnitReportReporter -->
<testsuite hostname="Rutuja" failures="0" tests="1" name="teststore.pagetests.PlaceOrderTest" time="58.135" errors="0" timestamp="2025-07-12T17:37:57 IST" skipped="0">
  <testcase classname="teststore.pagetests.PlaceOrderTest" name="submitOrder" time="58.135"/>
</testsuite> <!-- teststore.pagetests.PlaceOrderTest -->
