<?xml version="1.0" encoding="UTF-8"?>
<!-- Generated by org.testng.reporters.JUnitReportReporter -->
<testsuite hostname="Rutuja" failures="0" tests="1" name="teststore.pagetests.LoginPageTest" time="11.053" errors="0" timestamp="2025-04-21T23:13:03 IST" skipped="0">
  <testcase classname="teststore.pagetests.LoginPageTest" name="login" time="11.053"/>
</testsuite> <!-- teststore.pagetests.LoginPageTest -->
