<?xml version="1.0" encoding="UTF-8"?>
<!-- Generated by org.testng.reporters.JUnitReportReporter -->
<testsuite hostname="Rutuja" failures="0" tests="1" name="teststore.pagetests.OrderHistoryTest" time="18.345" errors="0" timestamp="2025-07-12T23:51:02 IST" skipped="0">
  <testcase classname="teststore.pagetests.OrderHistoryTest" name="OrderHistory" time="18.345"/>
</testsuite> <!-- teststore.pagetests.OrderHistoryTest -->
