<?xml version="1.0" encoding="UTF-8"?>
<!-- Generated by org.testng.reporters.JUnitReportReporter -->
<testsuite hostname="Rutuja" failures="0" tests="1" name="teststore.pagetests.OrderHistoryTest" time="27.853" errors="0" timestamp="2025-07-17T18:21:28 IST" skipped="0">
  <testcase classname="teststore.pagetests.OrderHistoryTest" name="OrderHistory" time="27.853"/>
</testsuite> <!-- teststore.pagetests.OrderHistoryTest -->
