<?xml version="1.0" encoding="UTF-8"?>
<!-- Generated by org.testng.reporters.JUnitReportReporter -->
<testsuite hostname="Rutuja" failures="0" tests="6" name="teststore.pagetests.InvalidLoginTest" time="176.754" errors="0" timestamp="2025-07-12T17:42:51 IST" skipped="0">
  <testcase classname="teststore.pagetests.InvalidLoginTest" name="LoginNegativeTestCase" time="22.190"/>
  <testcase classname="teststore.pagetests.InvalidLoginTest" name="LoginNegativeTestCase" time="35.059"/>
  <testcase classname="teststore.pagetests.InvalidLoginTest" name="LoginNegativeTestCase" time="36.394"/>
  <testcase classname="teststore.pagetests.InvalidLoginTest" name="LoginNegativeTestCase" time="37.840"/>
  <testcase classname="teststore.pagetests.InvalidLoginTest" name="LoginNegativeTestCase" time="22.132"/>
  <testcase classname="teststore.pagetests.InvalidLoginTest" name="LoginNegativeTestCase" time="23.139"/>
</testsuite> <!-- teststore.pagetests.InvalidLoginTest -->
